<?xml version="1.0" encoding="UTF-8"?>
<!-- Generated by org.testng.reporters.JUnitXMLReporter -->
<testsuite hostname="PaxoTech-Win7" name="Command line test" tests="3" failures="0" timestamp="11 Apr 2016 13:02:05 GMT" time="100.334" errors="0">
  <testcase name="test1" time="5.64" classname="com.paxovision.bestbuy.script.TestRegisterPage"/>
  <testcase name="testBasicFlowScript" time="44.767" classname="com.paxovision.bestbuy.script.TestCheckOut"/>
  <testcase name="testBasicFlowScript2" time="30.419" classname="com.paxovision.bestbuy.script.TestCheckOut"/>
</testsuite> <!-- Command line test -->
