<?xml version="1.0" encoding="UTF-8"?>
<testng-results skipped="0" failed="0" total="1" passed="1">
  <reporter-output>
  </reporter-output>
  <suite name="Default suite" duration-ms="64129" started-at="2018-05-31T18:46:37Z" finished-at="2018-05-31T18:47:41Z">
    <groups>
    </groups>
    <test name="Default test" duration-ms="64129" started-at="2018-05-31T18:46:37Z" finished-at="2018-05-31T18:47:41Z">
      <class name="com.blulesurge.surgecloud.framework.script.TestSignInPage">
        <test-method status="PASS" signature="beforeMethod(java.lang.String)[pri:0, instance:com.blulesurge.surgecloud.framework.script.TestSignInPage@83b407]" name="beforeMethod" is-config="true" duration-ms="21306" started-at="2018-05-31T14:46:37Z" finished-at="2018-05-31T14:46:58Z">
          <params>
            <param index="0">
              <value>
                <![CDATA[ch]]>
              </value>
            </param>
          </params>
          <reporter-output>
          </reporter-output>
        </test-method> <!-- beforeMethod -->
        <test-method status="PASS" signature="test()[pri:0, instance:com.blulesurge.surgecloud.framework.script.TestSignInPage@83b407]" name="test" duration-ms="42782" started-at="2018-05-31T14:46:58Z" finished-at="2018-05-31T14:47:41Z">
          <reporter-output>
          </reporter-output>
        </test-method> <!-- test -->
        <test-method status="PASS" signature="tearDown()[pri:0, instance:com.blulesurge.surgecloud.framework.script.TestSignInPage@83b407]" name="tearDown" is-config="true" duration-ms="1" started-at="2018-05-31T14:47:41Z" finished-at="2018-05-31T14:47:41Z">
          <reporter-output>
          </reporter-output>
        </test-method> <!-- tearDown -->
      </class> <!-- com.blulesurge.surgecloud.framework.script.TestSignInPage -->
    </test> <!-- Default test -->
  </suite> <!-- Default suite -->
</testng-results>
